<?xml version="1.0" encoding="UTF-8"?>
<testng-results ignored="0" total="1" passed="1" failed="0" skipped="0">
  <reporter-output>
  </reporter-output>
  <suite started-at="2025-06-02T10:17:33 IST" name="Suite" finished-at="2025-06-02T10:18:02 IST" duration-ms="28871">
    <groups>
    </groups>
    <test started-at="2025-06-02T10:17:33 IST" name="Testonchrome" finished-at="2025-06-02T10:18:02 IST" duration-ms="28871">
      <class name="com.ash.tests.EndTOEnd">
        <test-method is-config="true" signature="launchBrowser(java.lang.String)[pri:0, instance:com.ash.tests.EndTOEnd@62ddbd7e]" started-at="2025-06-02T10:17:33 IST" name="launchBrowser" finished-at="2025-06-02T10:17:38 IST" duration-ms="4156" status="PASS">
          <params>
            <param index="0">
              <value>
                <![CDATA[chrome]]>
              </value>
            </param>
          </params>
          <reporter-output>
          </reporter-output>
        </test-method> <!-- launchBrowser -->
        <test-method signature="endTOend()[pri:0, instance:com.ash.tests.EndTOEnd@62ddbd7e]" started-at="2025-06-02T10:17:38 IST" name="endTOend" finished-at="2025-06-02T10:18:02 IST" duration-ms="24672" status="PASS">
          <reporter-output>
          </reporter-output>
        </test-method> <!-- endTOend -->
      </class> <!-- com.ash.tests.EndTOEnd -->
    </test> <!-- Testonchrome -->
  </suite> <!-- Suite -->
</testng-results>
